  newwwwwwwwwww.cpp
C:\Users\fara\Desktop\mp\newwwwwwwwwww\newwwwwwwwwww\newwwwwwwwwww.cpp(53,20): error C2027: use of undefined type 'Reservation'
C:\Users\fara\Desktop\mp\newwwwwwwwwww\newwwwwwwwwww\newwwwwwwwwww.cpp(25,7): message : see declaration of 'Reservation'
C:\Users\fara\Desktop\mp\newwwwwwwwwww\newwwwwwwwwww\newwwwwwwwwww.cpp(58,12): error C2027: use of undefined type 'Reservation'
C:\Users\fara\Desktop\mp\newwwwwwwwwww\newwwwwwwwwww\newwwwwwwwwww.cpp(25,7): message : see declaration of 'Reservation'
C:\Program Files\Microsoft Visual Studio\2022\Enterprise\VC\Tools\MSVC\14.34.31933\include\type_traits(869,28): error C2139: 'Reservation': an undefined class is not allowed as an argument to compiler intrinsic type trait '__is_nothrow_assignable'
C:\Users\fara\Desktop\mp\newwwwwwwwwww\newwwwwwwwwww\newwwwwwwwwww.cpp(25,7): message : see declaration of 'Reservation'
C:\Program Files\Microsoft Visual Studio\2022\Enterprise\VC\Tools\MSVC\14.34.31933\include\vector(1780,9): message : see reference to variable template 'const bool is_nothrow_move_assignable_v<Reservation>' being compiled
C:\Users\fara\Desktop\mp\newwwwwwwwwww\newwwwwwwwwww\newwwwwwwwwww.cpp(65,23): error C2027: use of undefined type 'Reservation'
C:\Users\fara\Desktop\mp\newwwwwwwwwww\newwwwwwwwwww\newwwwwwwwwww.cpp(25,7): message : see declaration of 'Reservation'
C:\Users\fara\Desktop\mp\newwwwwwwwwww\newwwwwwwwwww\newwwwwwwwwww.cpp(75,27): error C2027: use of undefined type 'Transaction'
C:\Users\fara\Desktop\mp\newwwwwwwwwww\newwwwwwwwwww\newwwwwwwwwww.cpp(29,7): message : see declaration of 'Transaction'
C:\Users\fara\Desktop\mp\newwwwwwwwwww\newwwwwwwwwww\newwwwwwwwwww.cpp(75,27): error C2079: 'ShoppingCart::confirm' uses undefined class 'Transaction'
C:\Users\fara\Desktop\mp\newwwwwwwwwww\newwwwwwwwwww\newwwwwwwwwww.cpp(77,38): error C2027: use of undefined type 'Student'
C:\Users\fara\Desktop\mp\newwwwwwwwwww\newwwwwwwwwww\newwwwwwwwwww.cpp(30,7): message : see declaration of 'Student'
C:\Users\fara\Desktop\mp\newwwwwwwwwww\newwwwwwwwwww\newwwwwwwwwww.cpp(80,15): error C2027: use of undefined type 'Reservation'
C:\Users\fara\Desktop\mp\newwwwwwwwwww\newwwwwwwwwww\newwwwwwwwwww.cpp(25,7): message : see declaration of 'Reservation'
C:\Users\fara\Desktop\mp\newwwwwwwwwww\newwwwwwwwwww\newwwwwwwwwww.cpp(81,20): error C2027: use of undefined type 'Reservation'
C:\Users\fara\Desktop\mp\newwwwwwwwwww\newwwwwwwwwww\newwwwwwwwwww.cpp(25,7): message : see declaration of 'Reservation'
C:\Users\fara\Desktop\mp\newwwwwwwwwww\newwwwwwwwwww\newwwwwwwwwww.cpp(82,24): error C2027: use of undefined type 'Reservation'
C:\Users\fara\Desktop\mp\newwwwwwwwwww\newwwwwwwwwww\newwwwwwwwwww.cpp(25,7): message : see declaration of 'Reservation'
C:\Users\fara\Desktop\mp\newwwwwwwwwww\newwwwwwwwwww\newwwwwwwwwww.cpp(83,28): error C2027: use of undefined type 'Reservation'
C:\Users\fara\Desktop\mp\newwwwwwwwwww\newwwwwwwwwww\newwwwwwwwwww.cpp(25,7): message : see declaration of 'Reservation'
C:\Users\fara\Desktop\mp\newwwwwwwwwww\newwwwwwwwwww\newwwwwwwwwww.cpp(84,50): error C2027: use of undefined type 'Reservation'
C:\Users\fara\Desktop\mp\newwwwwwwwwww\newwwwwwwwwww\newwwwwwwwwww.cpp(25,7): message : see declaration of 'Reservation'
C:\Users\fara\Desktop\mp\newwwwwwwwwww\newwwwwwwwwww\newwwwwwwwwww.cpp(93,8): error C2027: use of undefined type 'Student'
C:\Users\fara\Desktop\mp\newwwwwwwwwww\newwwwwwwwwww\newwwwwwwwwww.cpp(30,7): message : see declaration of 'Student'
C:\Users\fara\Desktop\mp\newwwwwwwwwww\newwwwwwwwwww\newwwwwwwwwww.cpp(94,21): error C2079: 'trns' uses undefined class 'Transaction'
C:\Users\fara\Desktop\mp\newwwwwwwwwww\newwwwwwwwwww\newwwwwwwwwww.cpp(332,17): error C2079: 'stu' uses undefined class 'Student'
C:\Users\fara\Desktop\mp\newwwwwwwwwww\newwwwwwwwwww\newwwwwwwwwww.cpp(370,12): error C2027: use of undefined type 'Storage'
C:\Users\fara\Desktop\mp\newwwwwwwwwww\newwwwwwwwwww\newwwwwwwwwww.cpp(28,7): message : see declaration of 'Storage'
C:\Users\fara\Desktop\mp\newwwwwwwwwww\newwwwwwwwwww\newwwwwwwwwww.cpp(373,11): error C2027: use of undefined type 'Student'
C:\Users\fara\Desktop\mp\newwwwwwwwwww\newwwwwwwwwww\newwwwwwwwwww.cpp(30,7): message : see declaration of 'Student'
C:\Users\fara\Desktop\mp\newwwwwwwwwww\newwwwwwwwwww\newwwwwwwwwww.cpp(376,20): error C2027: use of undefined type 'Student'
C:\Users\fara\Desktop\mp\newwwwwwwwwww\newwwwwwwwwww\newwwwwwwwwww.cpp(30,7): message : see declaration of 'Student'
C:\Users\fara\Desktop\mp\newwwwwwwwwww\newwwwwwwwwww\newwwwwwwwwww.cpp(379,36): error C2027: use of undefined type 'Student'
C:\Users\fara\Desktop\mp\newwwwwwwwwww\newwwwwwwwwww\newwwwwwwwwww.cpp(30,7): message : see declaration of 'Student'
C:\Users\fara\Desktop\mp\newwwwwwwwwww\newwwwwwwwwww\newwwwwwwwwww.cpp(381,13): error C2027: use of undefined type 'Reservation'
C:\Users\fara\Desktop\mp\newwwwwwwwwww\newwwwwwwwwww\newwwwwwwwwww.cpp(25,7): message : see declaration of 'Reservation'
C:\Users\fara\Desktop\mp\newwwwwwwwwww\newwwwwwwwwww\newwwwwwwwwww.cpp(387,13): error C2027: use of undefined type 'Reservation'
C:\Users\fara\Desktop\mp\newwwwwwwwwww\newwwwwwwwwww\newwwwwwwwwww.cpp(25,7): message : see declaration of 'Reservation'
C:\Users\fara\Desktop\mp\newwwwwwwwwww\newwwwwwwwwww\newwwwwwwwwww.cpp(391,36): error C2027: use of undefined type 'Reservation'
C:\Users\fara\Desktop\mp\newwwwwwwwwww\newwwwwwwwwww\newwwwwwwwwww.cpp(25,7): message : see declaration of 'Reservation'
C:\Users\fara\Desktop\mp\newwwwwwwwwww\newwwwwwwwwww\newwwwwwwwwww.cpp(565,12): error C2027: use of undefined type 'Meal'
C:\Users\fara\Desktop\mp\newwwwwwwwwww\newwwwwwwwwww\newwwwwwwwwww.cpp(24,7): message : see declaration of 'Meal'
C:\Users\fara\Desktop\mp\newwwwwwwwwww\newwwwwwwwwww\newwwwwwwwwww.cpp(566,28): error C2027: use of undefined type 'Meal'
C:\Users\fara\Desktop\mp\newwwwwwwwwww\newwwwwwwwwww\newwwwwwwwwww.cpp(24,7): message : see declaration of 'Meal'
C:\Users\fara\Desktop\mp\newwwwwwwwwww\newwwwwwwwwww\newwwwwwwwwww.cpp(567,20): error C2027: use of undefined type 'Reservation'
C:\Users\fara\Desktop\mp\newwwwwwwwwww\newwwwwwwwwww\newwwwwwwwwww.cpp(25,7): message : see declaration of 'Reservation'
C:\Users\fara\Desktop\mp\newwwwwwwwwww\newwwwwwwwwww\newwwwwwwwwww.cpp(606,15): error C2027: use of undefined type 'Reservation'
C:\Users\fara\Desktop\mp\newwwwwwwwwww\newwwwwwwwwww\newwwwwwwwwww.cpp(25,7): message : see declaration of 'Reservation'
C:\Users\fara\Desktop\mp\newwwwwwwwwww\newwwwwwwwwww\newwwwwwwwwww.cpp(772,10): error C2027: use of undefined type 'DiningHall'
C:\Users\fara\Desktop\mp\newwwwwwwwwww\newwwwwwwwwww\newwwwwwwwwww.cpp(26,7): message : see declaration of 'DiningHall'
